<?xml version="1.0" encoding="UTF-8"?>
<robot generator="Robot 5.0 (Python 3.10.2 on win32)" generated="20220407 12:02:47.054" rpa="false" schemaversion="3">
<suite id="s1" name="App" source="C:\Users\HP\PycharmProjects\Robot Framework\Tests\Flipkart\FunctionalTestSuite\App.robot">
<test id="s1-t1" name="Google Test" line="9">
<kw name="Open Browser" library="SeleniumLibrary">
<arg>${web}</arg>
<arg>chrome</arg>
<doc>Opens a new browser instance to the optional ``url``.</doc>
<msg timestamp="20220407 12:02:47.257" level="INFO">Opening browser 'chrome' to base url 'https://www.google.co.in/'.</msg>
<status status="PASS" starttime="20220407 12:02:47.257" endtime="20220407 12:02:51.721"/>
</kw>
<kw name="Maximize Browser Window" library="SeleniumLibrary">
<doc>Maximizes current browser window.</doc>
<status status="PASS" starttime="20220407 12:02:51.721" endtime="20220407 12:02:51.840"/>
</kw>
<kw name="Sleep" library="BuiltIn">
<arg>1s</arg>
<doc>Pauses the test executed for the given time.</doc>
<msg timestamp="20220407 12:02:52.842" level="INFO">Slept 1 second</msg>
<status status="PASS" starttime="20220407 12:02:51.841" endtime="20220407 12:02:52.843"/>
</kw>
<kw name="Search Data">
<kw name="Input Text" library="SeleniumLibrary">
<arg>name:q</arg>
<arg>${search}</arg>
<doc>Types the given ``text`` into the text field identified by ``locator``.</doc>
<msg timestamp="20220407 12:02:52.846" level="INFO">Typing text 'flipkart' into text field 'name:q'.</msg>
<status status="PASS" starttime="20220407 12:02:52.845" endtime="20220407 12:02:53.009"/>
</kw>
<status status="PASS" starttime="20220407 12:02:52.844" endtime="20220407 12:02:53.009"/>
</kw>
<kw name="Sleep" library="BuiltIn">
<arg>1s</arg>
<doc>Pauses the test executed for the given time.</doc>
<msg timestamp="20220407 12:02:54.011" level="INFO">Slept 1 second</msg>
<status status="PASS" starttime="20220407 12:02:53.010" endtime="20220407 12:02:54.011"/>
</kw>
<kw name="Submit Form" library="SeleniumLibrary">
<doc>Submits a form identified by ``locator``.</doc>
<msg timestamp="20220407 12:02:54.013" level="INFO">Submitting form 'None'.</msg>
<status status="PASS" starttime="20220407 12:02:54.013" endtime="20220407 12:02:55.608"/>
</kw>
<kw name="Sleep" library="BuiltIn">
<arg>1s</arg>
<doc>Pauses the test executed for the given time.</doc>
<msg timestamp="20220407 12:02:56.612" level="INFO">Slept 1 second</msg>
<status status="PASS" starttime="20220407 12:02:55.609" endtime="20220407 12:02:56.613"/>
</kw>
<kw name="Click Element" library="SeleniumLibrary">
<arg>class:LC20lb</arg>
<doc>Click the element identified by ``locator``.</doc>
<msg timestamp="20220407 12:02:56.615" level="INFO">Clicking element 'class:LC20lb'.</msg>
<status status="PASS" starttime="20220407 12:02:56.614" endtime="20220407 12:02:57.912"/>
</kw>
<kw name="Sleep" library="BuiltIn">
<arg>1s</arg>
<doc>Pauses the test executed for the given time.</doc>
<msg timestamp="20220407 12:02:58.916" level="INFO">Slept 1 second</msg>
<status status="PASS" starttime="20220407 12:02:57.914" endtime="20220407 12:02:58.916"/>
</kw>
<doc>Google search page</doc>
<tag>Internet</tag>
<status status="PASS" starttime="20220407 12:02:47.256" endtime="20220407 12:02:58.918"/>
</test>
<test id="s1-t2" name="Flipkart Test" line="23">
<kw name="Click Element" library="SeleniumLibrary">
<arg>class:_2doB4z</arg>
<doc>Click the element identified by ``locator``.</doc>
<msg timestamp="20220407 12:02:58.926" level="INFO">Clicking element 'class:_2doB4z'.</msg>
<status status="PASS" starttime="20220407 12:02:58.924" endtime="20220407 12:02:59.005"/>
</kw>
<kw name="Search Flipkart">
<kw name="Input Text" library="SeleniumLibrary">
<arg>name:q</arg>
<arg>${search_flip}</arg>
<doc>Types the given ``text`` into the text field identified by ``locator``.</doc>
<msg timestamp="20220407 12:02:59.006" level="INFO">Typing text 'iphone' into text field 'name:q'.</msg>
<status status="PASS" starttime="20220407 12:02:59.006" endtime="20220407 12:02:59.122"/>
</kw>
<status status="PASS" starttime="20220407 12:02:59.006" endtime="20220407 12:02:59.123"/>
</kw>
<kw name="Sleep" library="BuiltIn">
<arg>1s</arg>
<doc>Pauses the test executed for the given time.</doc>
<msg timestamp="20220407 12:03:00.124" level="INFO">Slept 1 second</msg>
<status status="PASS" starttime="20220407 12:02:59.123" endtime="20220407 12:03:00.124"/>
</kw>
<kw name="Click Button" library="SeleniumLibrary">
<arg>class:L0Z3Pu</arg>
<doc>Clicks the button identified by ``locator``.</doc>
<msg timestamp="20220407 12:03:00.125" level="INFO">Clicking button 'class:L0Z3Pu'.</msg>
<status status="PASS" starttime="20220407 12:03:00.125" endtime="20220407 12:03:00.200"/>
</kw>
<doc>Flipkart search page</doc>
<tag>Internet</tag>
<status status="PASS" starttime="20220407 12:02:58.922" endtime="20220407 12:03:00.200"/>
</test>
<status status="PASS" starttime="20220407 12:02:47.056" endtime="20220407 12:03:00.202"/>
</suite>
<statistics>
<total>
<stat pass="2" fail="0" skip="0">All Tests</stat>
</total>
<tag>
<stat pass="2" fail="0" skip="0">Internet</stat>
</tag>
<suite>
<stat pass="2" fail="0" skip="0" id="s1" name="App">App</stat>
</suite>
</statistics>
<errors>
</errors>
</robot>
