<?xml version="1.0" encoding="UTF-8"?>
<robot generator="Robot 5.0 (Python 3.10.2 on win32)" generated="20220408 10:16:53.962" rpa="false" schemaversion="3">
<suite id="s1" name="Book" source="C:\Users\HP\PycharmProjects\Robot Framework\Tests\BookManagement\FunctionalTestSuite\book.robot">
<test id="s1-t1" name="User Login Test" line="18">
<kw name="Open Browser" library="SeleniumLibrary">
<arg>http://127.0.0.1:5000/</arg>
<arg>chrome</arg>
<doc>Opens a new browser instance to the optional ``url``.</doc>
<msg timestamp="20220408 10:16:54.203" level="INFO">Opening browser 'chrome' to base url 'http://127.0.0.1:5000/'.</msg>
<status status="PASS" starttime="20220408 10:16:54.203" endtime="20220408 10:16:59.061"/>
</kw>
<kw name="Maximize Browser Window" library="SeleniumLibrary">
<doc>Maximizes current browser window.</doc>
<status status="PASS" starttime="20220408 10:16:59.062" endtime="20220408 10:16:59.191"/>
</kw>
<kw name="Add Email">
<kw name="Input Text" library="SeleniumLibrary">
<arg>name:email</arg>
<arg>${email}</arg>
<doc>Types the given ``text`` into the text field identified by ``locator``.</doc>
<msg timestamp="20220408 10:16:59.201" level="INFO">Typing text 'sree.varshan06@gmail.com' into text field 'name:email'.</msg>
<status status="PASS" starttime="20220408 10:16:59.198" endtime="20220408 10:16:59.382"/>
</kw>
<status status="PASS" starttime="20220408 10:16:59.193" endtime="20220408 10:16:59.383"/>
</kw>
<kw name="Add Password">
<kw name="Input Text" library="SeleniumLibrary">
<arg>name:pass</arg>
<arg>${password}</arg>
<doc>Types the given ``text`` into the text field identified by ``locator``.</doc>
<msg timestamp="20220408 10:16:59.389" level="INFO">Typing text '123456' into text field 'name:pass'.</msg>
<status status="PASS" starttime="20220408 10:16:59.388" endtime="20220408 10:16:59.476"/>
</kw>
<status status="PASS" starttime="20220408 10:16:59.386" endtime="20220408 10:16:59.476"/>
</kw>
<kw name="Sleep" library="BuiltIn">
<arg>1s</arg>
<doc>Pauses the test executed for the given time.</doc>
<msg timestamp="20220408 10:17:00.477" level="INFO">Slept 1 second</msg>
<status status="PASS" starttime="20220408 10:16:59.477" endtime="20220408 10:17:00.478"/>
</kw>
<kw name="Click Element" library="SeleniumLibrary">
<arg>xpath=//html/body/div/div/div[2]/form/center/button</arg>
<doc>Click the element identified by ``locator``.</doc>
<msg timestamp="20220408 10:17:00.480" level="INFO">Clicking element 'xpath=//html/body/div/div/div[2]/form/center/button'.</msg>
<status status="PASS" starttime="20220408 10:17:00.479" endtime="20220408 10:17:00.614"/>
</kw>
<doc>user login</doc>
<tag>user</tag>
<status status="PASS" starttime="20220408 10:16:54.202" endtime="20220408 10:17:00.620"/>
</test>
<test id="s1-t2" name="Admin Login Test" line="29">
<kw name="Add Admin">
<kw name="Input Text" library="SeleniumLibrary">
<arg>name:uname</arg>
<arg>${username}</arg>
<doc>Types the given ``text`` into the text field identified by ``locator``.</doc>
<msg timestamp="20220408 10:17:00.628" level="INFO">Typing text 'admin' into text field 'name:uname'.</msg>
<status status="PASS" starttime="20220408 10:17:00.627" endtime="20220408 10:17:00.773"/>
</kw>
<status status="PASS" starttime="20220408 10:17:00.627" endtime="20220408 10:17:00.773"/>
</kw>
<kw name="Add Pass">
<kw name="Input Text" library="SeleniumLibrary">
<arg>name:pass</arg>
<arg>${pass}</arg>
<doc>Types the given ``text`` into the text field identified by ``locator``.</doc>
<msg timestamp="20220408 10:17:00.774" level="INFO">Typing text '9875' into text field 'name:pass'.</msg>
<status status="PASS" starttime="20220408 10:17:00.773" endtime="20220408 10:17:00.876"/>
</kw>
<status status="PASS" starttime="20220408 10:17:00.773" endtime="20220408 10:17:00.876"/>
</kw>
<kw name="Sleep" library="BuiltIn">
<arg>1s</arg>
<doc>Pauses the test executed for the given time.</doc>
<msg timestamp="20220408 10:17:01.877" level="INFO">Slept 1 second</msg>
<status status="PASS" starttime="20220408 10:17:00.876" endtime="20220408 10:17:01.877"/>
</kw>
<kw name="Click Element" library="SeleniumLibrary">
<arg>xpath=//html/body/div/div/div[2]/form/center/button</arg>
<doc>Click the element identified by ``locator``.</doc>
<msg timestamp="20220408 10:17:01.878" level="INFO">Clicking element 'xpath=//html/body/div/div/div[2]/form/center/button'.</msg>
<status status="PASS" starttime="20220408 10:17:01.878" endtime="20220408 10:17:02.094"/>
</kw>
<doc>admin login</doc>
<tag>admin</tag>
<status status="PASS" starttime="20220408 10:17:00.624" endtime="20220408 10:17:02.095"/>
</test>
<test id="s1-t3" name="Dashboard Test" line="38">
<kw name="Add Book Name">
<kw name="Input Text" library="SeleniumLibrary">
<arg>name:name</arg>
<arg>${name}</arg>
<doc>Types the given ``text`` into the text field identified by ``locator``.</doc>
<msg timestamp="20220408 10:17:02.102" level="INFO">Typing text 'Sree' into text field 'name:name'.</msg>
<status status="PASS" starttime="20220408 10:17:02.100" endtime="20220408 10:17:02.315"/>
</kw>
<status status="PASS" starttime="20220408 10:17:02.098" endtime="20220408 10:17:02.316"/>
</kw>
<kw name="Add Author">
<kw name="Input Text" library="SeleniumLibrary">
<arg>name:auth</arg>
<arg>${auth}</arg>
<doc>Types the given ``text`` into the text field identified by ``locator``.</doc>
<msg timestamp="20220408 10:17:02.318" level="INFO">Typing text 'Sree' into text field 'name:auth'.</msg>
<status status="PASS" starttime="20220408 10:17:02.318" endtime="20220408 10:17:02.474"/>
</kw>
<status status="PASS" starttime="20220408 10:17:02.317" endtime="20220408 10:17:02.475"/>
</kw>
<kw name="Add Category">
<kw name="Input Text" library="SeleniumLibrary">
<arg>name:cat</arg>
<arg>${cat}</arg>
<doc>Types the given ``text`` into the text field identified by ``locator``.</doc>
<msg timestamp="20220408 10:17:02.476" level="INFO">Typing text 'fantasy' into text field 'name:cat'.</msg>
<status status="PASS" starttime="20220408 10:17:02.476" endtime="20220408 10:17:02.638"/>
</kw>
<status status="PASS" starttime="20220408 10:17:02.475" endtime="20220408 10:17:02.638"/>
</kw>
<kw name="Add Price">
<kw name="Input Text" library="SeleniumLibrary">
<arg>name:price</arg>
<arg>${price}</arg>
<doc>Types the given ``text`` into the text field identified by ``locator``.</doc>
<msg timestamp="20220408 10:17:02.642" level="INFO">Typing text '2000' into text field 'name:price'.</msg>
<status status="PASS" starttime="20220408 10:17:02.641" endtime="20220408 10:17:02.812"/>
</kw>
<status status="PASS" starttime="20220408 10:17:02.640" endtime="20220408 10:17:02.812"/>
</kw>
<kw name="Add Publisher">
<kw name="Input Text" library="SeleniumLibrary">
<arg>name:pub</arg>
<arg>${pub}</arg>
<doc>Types the given ``text`` into the text field identified by ``locator``.</doc>
<msg timestamp="20220408 10:17:02.814" level="INFO">Typing text 'Sree' into text field 'name:pub'.</msg>
<status status="PASS" starttime="20220408 10:17:02.813" endtime="20220408 10:17:03.002"/>
</kw>
<status status="PASS" starttime="20220408 10:17:02.813" endtime="20220408 10:17:03.002"/>
</kw>
<kw name="Sleep" library="BuiltIn">
<arg>1s</arg>
<doc>Pauses the test executed for the given time.</doc>
<msg timestamp="20220408 10:17:04.004" level="INFO">Slept 1 second</msg>
<status status="PASS" starttime="20220408 10:17:03.003" endtime="20220408 10:17:04.004"/>
</kw>
<kw name="Click Element" library="SeleniumLibrary">
<arg>xpath=//html/body/div[2]/div/div[2]/form/center/button</arg>
<doc>Click the element identified by ``locator``.</doc>
<msg timestamp="20220408 10:17:04.005" level="INFO">Clicking element 'xpath=//html/body/div[2]/div/div[2]/form/center/button'.</msg>
<status status="PASS" starttime="20220408 10:17:04.004" endtime="20220408 10:17:04.062"/>
</kw>
<kw name="Sleep" library="BuiltIn">
<arg>1s</arg>
<doc>Pauses the test executed for the given time.</doc>
<msg timestamp="20220408 10:17:05.063" level="INFO">Slept 1 second</msg>
<status status="PASS" starttime="20220408 10:17:04.062" endtime="20220408 10:17:05.063"/>
</kw>
<kw name="Click Element" library="SeleniumLibrary">
<arg>xpath=//html/body/div[2]/div/div[2]/form/div/div/div/div[3]/button[2]</arg>
<doc>Click the element identified by ``locator``.</doc>
<msg timestamp="20220408 10:17:05.064" level="INFO">Clicking element 'xpath=//html/body/div[2]/div/div[2]/form/div/div/div/div[3]/button[2]'.</msg>
<status status="PASS" starttime="20220408 10:17:05.064" endtime="20220408 10:17:06.800"/>
</kw>
<kw name="Sleep" library="BuiltIn">
<arg>5s</arg>
<doc>Pauses the test executed for the given time.</doc>
<msg timestamp="20220408 10:17:11.802" level="INFO">Slept 5 seconds</msg>
<status status="PASS" starttime="20220408 10:17:06.801" endtime="20220408 10:17:11.802"/>
</kw>
<doc>dashboard</doc>
<tag>user</tag>
<status status="PASS" starttime="20220408 10:17:02.096" endtime="20220408 10:17:11.803"/>
</test>
<test id="s1-t4" name="Edit Test" line="53">
<kw name="Click Element" library="SeleniumLibrary">
<arg>xpath=//html/body/div[1]/div/div/nav/div/div/ul/li[3]/a</arg>
<doc>Click the element identified by ``locator``.</doc>
<msg timestamp="20220408 10:17:11.809" level="INFO">Clicking element 'xpath=//html/body/div[1]/div/div/nav/div/div/ul/li[3]/a'.</msg>
<status status="PASS" starttime="20220408 10:17:11.808" endtime="20220408 10:17:11.942"/>
</kw>
<kw name="Sleep" library="BuiltIn">
<arg>1s</arg>
<doc>Pauses the test executed for the given time.</doc>
<msg timestamp="20220408 10:17:12.944" level="INFO">Slept 1 second</msg>
<status status="PASS" starttime="20220408 10:17:11.943" endtime="20220408 10:17:12.944"/>
</kw>
<kw name="Add Book">
<kw name="Input Text" library="SeleniumLibrary">
<arg>name:name</arg>
<arg>${book}</arg>
<doc>Types the given ``text`` into the text field identified by ``locator``.</doc>
<msg timestamp="20220408 10:17:12.948" level="INFO">Typing text 'Game Of Thrones' into text field 'name:name'.</msg>
<status status="PASS" starttime="20220408 10:17:12.947" endtime="20220408 10:17:13.078"/>
</kw>
<status status="PASS" starttime="20220408 10:17:12.946" endtime="20220408 10:17:13.078"/>
</kw>
<kw name="Click Element" library="SeleniumLibrary">
<arg>xpath=//html/body/div[2]/div/div[2]/form/center/button</arg>
<doc>Click the element identified by ``locator``.</doc>
<msg timestamp="20220408 10:17:13.079" level="INFO">Clicking element 'xpath=//html/body/div[2]/div/div[2]/form/center/button'.</msg>
<status status="PASS" starttime="20220408 10:17:13.079" endtime="20220408 10:17:13.176"/>
</kw>
<kw name="Sleep" library="BuiltIn">
<arg>4s</arg>
<doc>Pauses the test executed for the given time.</doc>
<msg timestamp="20220408 10:17:17.181" level="INFO">Slept 4 seconds</msg>
<status status="PASS" starttime="20220408 10:17:13.179" endtime="20220408 10:17:17.181"/>
</kw>
<kw name="Click Link" library="SeleniumLibrary">
<arg>name:link</arg>
<doc>Clicks a link identified by ``locator``.</doc>
<msg timestamp="20220408 10:17:17.182" level="INFO">Clicking link 'name:link'.</msg>
<status status="PASS" starttime="20220408 10:17:17.182" endtime="20220408 10:17:17.314"/>
</kw>
<kw name="Sleep" library="BuiltIn">
<arg>2s</arg>
<doc>Pauses the test executed for the given time.</doc>
<msg timestamp="20220408 10:17:19.317" level="INFO">Slept 2 seconds</msg>
<status status="PASS" starttime="20220408 10:17:17.315" endtime="20220408 10:17:19.317"/>
</kw>
<kw name="Add New Name">
<kw name="Input Text" library="SeleniumLibrary">
<arg>name:name</arg>
<arg>${newname}</arg>
<doc>Types the given ``text`` into the text field identified by ``locator``.</doc>
<msg timestamp="20220408 10:17:19.320" level="INFO">Typing text 'Purple' into text field 'name:name'.</msg>
<status status="PASS" starttime="20220408 10:17:19.319" endtime="20220408 10:17:19.422"/>
</kw>
<status status="PASS" starttime="20220408 10:17:19.318" endtime="20220408 10:17:19.423"/>
</kw>
<kw name="Add Author">
<kw name="Input Text" library="SeleniumLibrary">
<arg>name:auth</arg>
<arg>${auth}</arg>
<doc>Types the given ``text`` into the text field identified by ``locator``.</doc>
<msg timestamp="20220408 10:17:19.424" level="INFO">Typing text 'Sree' into text field 'name:auth'.</msg>
<status status="PASS" starttime="20220408 10:17:19.423" endtime="20220408 10:17:19.508"/>
</kw>
<status status="PASS" starttime="20220408 10:17:19.423" endtime="20220408 10:17:19.508"/>
</kw>
<kw name="Add Category">
<kw name="Input Text" library="SeleniumLibrary">
<arg>name:cat</arg>
<arg>${cat}</arg>
<doc>Types the given ``text`` into the text field identified by ``locator``.</doc>
<msg timestamp="20220408 10:17:19.511" level="INFO">Typing text 'fantasy' into text field 'name:cat'.</msg>
<status status="PASS" starttime="20220408 10:17:19.510" endtime="20220408 10:17:19.595"/>
</kw>
<status status="PASS" starttime="20220408 10:17:19.509" endtime="20220408 10:17:19.595"/>
</kw>
<kw name="Add Price">
<kw name="Input Text" library="SeleniumLibrary">
<arg>name:price</arg>
<arg>${price}</arg>
<doc>Types the given ``text`` into the text field identified by ``locator``.</doc>
<msg timestamp="20220408 10:17:19.596" level="INFO">Typing text '2000' into text field 'name:price'.</msg>
<status status="PASS" starttime="20220408 10:17:19.596" endtime="20220408 10:17:19.671"/>
</kw>
<status status="PASS" starttime="20220408 10:17:19.595" endtime="20220408 10:17:19.671"/>
</kw>
<kw name="Add Publisher">
<kw name="Input Text" library="SeleniumLibrary">
<arg>name:pub</arg>
<arg>${pub}</arg>
<doc>Types the given ``text`` into the text field identified by ``locator``.</doc>
<msg timestamp="20220408 10:17:19.672" level="INFO">Typing text 'Sree' into text field 'name:pub'.</msg>
<status status="PASS" starttime="20220408 10:17:19.672" endtime="20220408 10:17:19.751"/>
</kw>
<status status="PASS" starttime="20220408 10:17:19.671" endtime="20220408 10:17:19.751"/>
</kw>
<kw name="Sleep" library="BuiltIn">
<arg>1s</arg>
<doc>Pauses the test executed for the given time.</doc>
<msg timestamp="20220408 10:17:20.752" level="INFO">Slept 1 second</msg>
<status status="PASS" starttime="20220408 10:17:19.751" endtime="20220408 10:17:20.752"/>
</kw>
<kw name="Click Element" library="SeleniumLibrary">
<arg>xpath=//html/body/div[2]/div/div[2]/form/center/button</arg>
<doc>Click the element identified by ``locator``.</doc>
<msg timestamp="20220408 10:17:20.754" level="INFO">Clicking element 'xpath=//html/body/div[2]/div/div[2]/form/center/button'.</msg>
<status status="PASS" starttime="20220408 10:17:20.753" endtime="20220408 10:17:20.823"/>
</kw>
<kw name="Sleep" library="BuiltIn">
<arg>1s</arg>
<doc>Pauses the test executed for the given time.</doc>
<msg timestamp="20220408 10:17:21.825" level="INFO">Slept 1 second</msg>
<status status="PASS" starttime="20220408 10:17:20.823" endtime="20220408 10:17:21.825"/>
</kw>
<kw name="Click Element" library="SeleniumLibrary">
<arg>xpath=//html/body/div[2]/div/div[2]/form/div/div/div/div[3]/button[2]</arg>
<doc>Click the element identified by ``locator``.</doc>
<msg timestamp="20220408 10:17:21.828" level="INFO">Clicking element 'xpath=//html/body/div[2]/div/div[2]/form/div/div/div/div[3]/button[2]'.</msg>
<status status="PASS" starttime="20220408 10:17:21.827" endtime="20220408 10:17:22.286"/>
</kw>
<doc>edit page</doc>
<tag>user</tag>
<status status="PASS" starttime="20220408 10:17:11.806" endtime="20220408 10:17:22.287"/>
</test>
<test id="s1-t5" name="Delete Test" line="74">
<kw name="Click Element" library="SeleniumLibrary">
<arg>xpath=//html/body/div[1]/div/div/nav/div/div/ul/li[5]/a</arg>
<doc>Click the element identified by ``locator``.</doc>
<msg timestamp="20220408 10:17:22.291" level="INFO">Clicking element 'xpath=//html/body/div[1]/div/div/nav/div/div/ul/li[5]/a'.</msg>
<status status="PASS" starttime="20220408 10:17:22.290" endtime="20220408 10:17:22.433"/>
</kw>
<kw name="Sleep" library="BuiltIn">
<arg>1s</arg>
<doc>Pauses the test executed for the given time.</doc>
<msg timestamp="20220408 10:17:23.436" level="INFO">Slept 1 second</msg>
<status status="PASS" starttime="20220408 10:17:22.435" endtime="20220408 10:17:23.436"/>
</kw>
<kw name="Add New Name">
<kw name="Input Text" library="SeleniumLibrary">
<arg>name:name</arg>
<arg>${newname}</arg>
<doc>Types the given ``text`` into the text field identified by ``locator``.</doc>
<msg timestamp="20220408 10:17:23.439" level="INFO">Typing text 'Purple' into text field 'name:name'.</msg>
<status status="PASS" starttime="20220408 10:17:23.438" endtime="20220408 10:17:23.548"/>
</kw>
<status status="PASS" starttime="20220408 10:17:23.437" endtime="20220408 10:17:23.548"/>
</kw>
<kw name="Click Element" library="SeleniumLibrary">
<arg>xpath=//html/body/div[2]/div/div[2]/form/center/button</arg>
<doc>Click the element identified by ``locator``.</doc>
<msg timestamp="20220408 10:17:23.548" level="INFO">Clicking element 'xpath=//html/body/div[2]/div/div[2]/form/center/button'.</msg>
<status status="PASS" starttime="20220408 10:17:23.548" endtime="20220408 10:17:23.593"/>
</kw>
<kw name="Sleep" library="BuiltIn">
<arg>2s</arg>
<doc>Pauses the test executed for the given time.</doc>
<msg timestamp="20220408 10:17:25.596" level="INFO">Slept 2 seconds</msg>
<status status="PASS" starttime="20220408 10:17:23.594" endtime="20220408 10:17:25.596"/>
</kw>
<kw name="Click Element" library="SeleniumLibrary">
<arg>xpath=//html/body/div[2]/div/div[2]/form/div/div/div/div[3]/button[2]</arg>
<doc>Click the element identified by ``locator``.</doc>
<msg timestamp="20220408 10:17:25.598" level="INFO">Clicking element 'xpath=//html/body/div[2]/div/div[2]/form/div/div/div/div[3]/button[2]'.</msg>
<status status="PASS" starttime="20220408 10:17:25.597" endtime="20220408 10:17:25.938"/>
</kw>
<kw name="Sleep" library="BuiltIn">
<arg>2s</arg>
<doc>Pauses the test executed for the given time.</doc>
<msg timestamp="20220408 10:17:27.940" level="INFO">Slept 2 seconds</msg>
<status status="PASS" starttime="20220408 10:17:25.939" endtime="20220408 10:17:27.941"/>
</kw>
<doc>delete page</doc>
<tag>user</tag>
<status status="PASS" starttime="20220408 10:17:22.289" endtime="20220408 10:17:27.942"/>
</test>
<test id="s1-t6" name="Logout Test" line="85">
<kw name="Click Element" library="SeleniumLibrary">
<arg>xpath=//html/body/div[1]/div/div/nav/div/div/ul/li[6]/a</arg>
<doc>Click the element identified by ``locator``.</doc>
<msg timestamp="20220408 10:17:27.949" level="INFO">Clicking element 'xpath=//html/body/div[1]/div/div/nav/div/div/ul/li[6]/a'.</msg>
<status status="PASS" starttime="20220408 10:17:27.948" endtime="20220408 10:17:28.078"/>
</kw>
<kw name="Sleep" library="BuiltIn">
<arg>2s</arg>
<doc>Pauses the test executed for the given time.</doc>
<msg timestamp="20220408 10:17:30.080" level="INFO">Slept 2 seconds</msg>
<status status="PASS" starttime="20220408 10:17:28.079" endtime="20220408 10:17:30.080"/>
</kw>
<kw name="Click Element" library="SeleniumLibrary">
<arg>xpath=//html/body/nav/div/div/ul/li/a</arg>
<doc>Click the element identified by ``locator``.</doc>
<msg timestamp="20220408 10:17:30.082" level="INFO">Clicking element 'xpath=//html/body/nav/div/div/ul/li/a'.</msg>
<status status="PASS" starttime="20220408 10:17:30.081" endtime="20220408 10:17:30.193"/>
</kw>
<kw name="Sleep" library="BuiltIn">
<arg>2s</arg>
<doc>Pauses the test executed for the given time.</doc>
<msg timestamp="20220408 10:17:32.195" level="INFO">Slept 2 seconds</msg>
<status status="PASS" starttime="20220408 10:17:30.194" endtime="20220408 10:17:32.195"/>
</kw>
<kw name="Close Browser" library="SeleniumLibrary">
<doc>Closes the current browser.</doc>
<status status="PASS" starttime="20220408 10:17:32.196" endtime="20220408 10:17:34.474"/>
</kw>
<doc>logout</doc>
<tag>user</tag>
<status status="PASS" starttime="20220408 10:17:27.946" endtime="20220408 10:17:34.476"/>
</test>
<status status="PASS" starttime="20220408 10:16:53.964" endtime="20220408 10:17:34.482"/>
</suite>
<statistics>
<total>
<stat pass="6" fail="0" skip="0">All Tests</stat>
</total>
<tag>
<stat pass="1" fail="0" skip="0">admin</stat>
<stat pass="5" fail="0" skip="0">user</stat>
</tag>
<suite>
<stat pass="6" fail="0" skip="0" id="s1" name="Book">Book</stat>
</suite>
</statistics>
<errors>
</errors>
</robot>
