<?xml version="1.0" encoding="UTF-8"?>
<robot generator="Robot 5.0 (Python 3.10.2 on win32)" generated="20220410 10:45:37.967" rpa="false" schemaversion="3">
<suite id="s1" name="Book" source="C:\Users\HP\PycharmProjects\Robot Framework\Tests\BookManagement\FunctionalTestSuite\book.robot">
<test id="s1-t1" name="User Login Test" line="18">
<kw name="Open Browser" library="SeleniumLibrary">
<arg>http://127.0.0.1:5000/</arg>
<arg>chrome</arg>
<doc>Opens a new browser instance to the optional ``url``.</doc>
<msg timestamp="20220410 10:45:38.180" level="INFO">Opening browser 'chrome' to base url 'http://127.0.0.1:5000/'.</msg>
<status status="PASS" starttime="20220410 10:45:38.180" endtime="20220410 10:45:42.453"/>
</kw>
<kw name="Maximize Browser Window" library="SeleniumLibrary">
<doc>Maximizes current browser window.</doc>
<status status="PASS" starttime="20220410 10:45:42.454" endtime="20220410 10:45:42.584"/>
</kw>
<kw name="Add Email">
<kw name="Input Text" library="SeleniumLibrary">
<arg>name:email</arg>
<arg>${email}</arg>
<doc>Types the given ``text`` into the text field identified by ``locator``.</doc>
<msg timestamp="20220410 10:45:42.587" level="INFO">Typing text 'sree.varshan06@gmail.com' into text field 'name:email'.</msg>
<status status="PASS" starttime="20220410 10:45:42.586" endtime="20220410 10:45:42.715"/>
</kw>
<status status="PASS" starttime="20220410 10:45:42.586" endtime="20220410 10:45:42.715"/>
</kw>
<kw name="Add Password">
<kw name="Input Text" library="SeleniumLibrary">
<arg>name:pass</arg>
<arg>${password}</arg>
<doc>Types the given ``text`` into the text field identified by ``locator``.</doc>
<msg timestamp="20220410 10:45:42.716" level="INFO">Typing text '123456' into text field 'name:pass'.</msg>
<status status="PASS" starttime="20220410 10:45:42.716" endtime="20220410 10:45:42.803"/>
</kw>
<status status="PASS" starttime="20220410 10:45:42.716" endtime="20220410 10:45:42.803"/>
</kw>
<kw name="Sleep" library="BuiltIn">
<arg>1s</arg>
<doc>Pauses the test executed for the given time.</doc>
<msg timestamp="20220410 10:45:43.804" level="INFO">Slept 1 second</msg>
<status status="PASS" starttime="20220410 10:45:42.804" endtime="20220410 10:45:43.805"/>
</kw>
<kw name="Click Element" library="SeleniumLibrary">
<arg>xpath=//html/body/div/div/div[2]/form/center/button</arg>
<doc>Click the element identified by ``locator``.</doc>
<msg timestamp="20220410 10:45:43.806" level="INFO">Clicking element 'xpath=//html/body/div/div/div[2]/form/center/button'.</msg>
<status status="PASS" starttime="20220410 10:45:43.805" endtime="20220410 10:45:43.970"/>
</kw>
<kw name="Sleep" library="BuiltIn">
<arg>1s</arg>
<doc>Pauses the test executed for the given time.</doc>
<msg timestamp="20220410 10:45:44.971" level="INFO">Slept 1 second</msg>
<status status="PASS" starttime="20220410 10:45:43.970" endtime="20220410 10:45:44.971"/>
</kw>
<doc>user login</doc>
<tag>user</tag>
<status status="PASS" starttime="20220410 10:45:38.179" endtime="20220410 10:45:44.971"/>
</test>
<test id="s1-t2" name="User Dashboard Test" line="30">
<kw name="Add Name">
<kw name="Input Text" library="SeleniumLibrary">
<arg>name:name</arg>
<arg>${name}</arg>
<doc>Types the given ``text`` into the text field identified by ``locator``.</doc>
<msg timestamp="20220410 10:45:44.974" level="INFO">Typing text 'Sree' into text field 'name:name'.</msg>
<status status="PASS" starttime="20220410 10:45:44.973" endtime="20220410 10:45:45.075"/>
</kw>
<status status="PASS" starttime="20220410 10:45:44.973" endtime="20220410 10:45:45.075"/>
</kw>
<kw name="Add Author">
<kw name="Input Text" library="SeleniumLibrary">
<arg>name:auth</arg>
<arg>${auth}</arg>
<doc>Types the given ``text`` into the text field identified by ``locator``.</doc>
<msg timestamp="20220410 10:45:45.076" level="INFO">Typing text 'Sree' into text field 'name:auth'.</msg>
<status status="PASS" starttime="20220410 10:45:45.076" endtime="20220410 10:45:45.172"/>
</kw>
<status status="PASS" starttime="20220410 10:45:45.076" endtime="20220410 10:45:45.172"/>
</kw>
<kw name="Add Category">
<kw name="Input Text" library="SeleniumLibrary">
<arg>name:cat</arg>
<arg>${cat}</arg>
<doc>Types the given ``text`` into the text field identified by ``locator``.</doc>
<msg timestamp="20220410 10:45:45.173" level="INFO">Typing text 'fantasy' into text field 'name:cat'.</msg>
<status status="PASS" starttime="20220410 10:45:45.173" endtime="20220410 10:45:45.276"/>
</kw>
<status status="PASS" starttime="20220410 10:45:45.172" endtime="20220410 10:45:45.276"/>
</kw>
<kw name="Add Price">
<kw name="Input Text" library="SeleniumLibrary">
<arg>name:price</arg>
<arg>${price}</arg>
<doc>Types the given ``text`` into the text field identified by ``locator``.</doc>
<msg timestamp="20220410 10:45:45.278" level="INFO">Typing text '2000' into text field 'name:price'.</msg>
<status status="PASS" starttime="20220410 10:45:45.278" endtime="20220410 10:45:45.369"/>
</kw>
<status status="PASS" starttime="20220410 10:45:45.276" endtime="20220410 10:45:45.369"/>
</kw>
<kw name="Add Publisher">
<kw name="Input Text" library="SeleniumLibrary">
<arg>name:pub</arg>
<arg>${pub}</arg>
<doc>Types the given ``text`` into the text field identified by ``locator``.</doc>
<msg timestamp="20220410 10:45:45.370" level="INFO">Typing text 'Sree' into text field 'name:pub'.</msg>
<status status="PASS" starttime="20220410 10:45:45.370" endtime="20220410 10:45:45.451"/>
</kw>
<status status="PASS" starttime="20220410 10:45:45.370" endtime="20220410 10:45:45.451"/>
</kw>
<kw name="Sleep" library="BuiltIn">
<arg>3s</arg>
<doc>Pauses the test executed for the given time.</doc>
<msg timestamp="20220410 10:45:48.452" level="INFO">Slept 3 seconds</msg>
<status status="PASS" starttime="20220410 10:45:45.452" endtime="20220410 10:45:48.452"/>
</kw>
<kw name="Click Element" library="SeleniumLibrary">
<arg>xpath=//html/body/div[2]/div/div[2]/form/center/button</arg>
<doc>Click the element identified by ``locator``.</doc>
<msg timestamp="20220410 10:45:48.454" level="INFO">Clicking element 'xpath=//html/body/div[2]/div/div[2]/form/center/button'.</msg>
<status status="PASS" starttime="20220410 10:45:48.453" endtime="20220410 10:45:48.503"/>
</kw>
<kw name="Sleep" library="BuiltIn">
<arg>1s</arg>
<doc>Pauses the test executed for the given time.</doc>
<msg timestamp="20220410 10:45:49.505" level="INFO">Slept 1 second</msg>
<status status="PASS" starttime="20220410 10:45:48.504" endtime="20220410 10:45:49.505"/>
</kw>
<kw name="Click Element" library="SeleniumLibrary">
<arg>xpath=//html/body/div[2]/div/div[2]/form/div/div/div/div[3]/button[2]</arg>
<doc>Click the element identified by ``locator``.</doc>
<msg timestamp="20220410 10:45:49.506" level="INFO">Clicking element 'xpath=//html/body/div[2]/div/div[2]/form/div/div/div/div[3]/button[2]'.</msg>
<status status="PASS" starttime="20220410 10:45:49.506" endtime="20220410 10:45:49.810"/>
</kw>
<kw name="Sleep" library="BuiltIn">
<arg>1s</arg>
<doc>Pauses the test executed for the given time.</doc>
<msg timestamp="20220410 10:45:50.811" level="INFO">Slept 1 second</msg>
<status status="PASS" starttime="20220410 10:45:49.811" endtime="20220410 10:45:50.811"/>
</kw>
<doc>user dashboard</doc>
<tag>user</tag>
<status status="PASS" starttime="20220410 10:45:44.973" endtime="20220410 10:45:50.812"/>
</test>
<test id="s1-t3" name="User Edit Test" line="45">
<kw name="Click Element" library="SeleniumLibrary">
<arg>xpath=//html/body/div[1]/div/div/nav/div/div/ul/li[2]/a</arg>
<doc>Click the element identified by ``locator``.</doc>
<msg timestamp="20220410 10:45:50.814" level="INFO">Clicking element 'xpath=//html/body/div[1]/div/div/nav/div/div/ul/li[2]/a'.</msg>
<status status="PASS" starttime="20220410 10:45:50.814" endtime="20220410 10:45:50.917"/>
</kw>
<kw name="Sleep" library="BuiltIn">
<arg>1s</arg>
<doc>Pauses the test executed for the given time.</doc>
<msg timestamp="20220410 10:45:51.920" level="INFO">Slept 1 second</msg>
<status status="PASS" starttime="20220410 10:45:50.919" endtime="20220410 10:45:51.920"/>
</kw>
<kw name="Add Name">
<kw name="Input Text" library="SeleniumLibrary">
<arg>name:name</arg>
<arg>${name}</arg>
<doc>Types the given ``text`` into the text field identified by ``locator``.</doc>
<msg timestamp="20220410 10:45:51.922" level="INFO">Typing text 'Sree' into text field 'name:name'.</msg>
<status status="PASS" starttime="20220410 10:45:51.921" endtime="20220410 10:45:52.010"/>
</kw>
<status status="PASS" starttime="20220410 10:45:51.921" endtime="20220410 10:45:52.010"/>
</kw>
<kw name="Sleep" library="BuiltIn">
<arg>1s</arg>
<doc>Pauses the test executed for the given time.</doc>
<msg timestamp="20220410 10:45:53.011" level="INFO">Slept 1 second</msg>
<status status="PASS" starttime="20220410 10:45:52.010" endtime="20220410 10:45:53.012"/>
</kw>
<kw name="Click Element" library="SeleniumLibrary">
<arg>xpath=//html/body/div[2]/div/div[2]/form/center/button</arg>
<doc>Click the element identified by ``locator``.</doc>
<msg timestamp="20220410 10:45:53.013" level="INFO">Clicking element 'xpath=//html/body/div[2]/div/div[2]/form/center/button'.</msg>
<status status="PASS" starttime="20220410 10:45:53.012" endtime="20220410 10:45:53.131"/>
</kw>
<kw name="Sleep" library="BuiltIn">
<arg>1s</arg>
<doc>Pauses the test executed for the given time.</doc>
<msg timestamp="20220410 10:45:54.133" level="INFO">Slept 1 second</msg>
<status status="PASS" starttime="20220410 10:45:53.131" endtime="20220410 10:45:54.133"/>
</kw>
<kw name="Click Link" library="SeleniumLibrary">
<arg>name:link</arg>
<doc>Clicks a link identified by ``locator``.</doc>
<msg timestamp="20220410 10:45:54.134" level="INFO">Clicking link 'name:link'.</msg>
<status status="PASS" starttime="20220410 10:45:54.134" endtime="20220410 10:45:54.321"/>
</kw>
<kw name="Sleep" library="BuiltIn">
<arg>2s</arg>
<doc>Pauses the test executed for the given time.</doc>
<msg timestamp="20220410 10:45:56.323" level="INFO">Slept 2 seconds</msg>
<status status="PASS" starttime="20220410 10:45:54.322" endtime="20220410 10:45:56.323"/>
</kw>
<kw name="Add Book">
<kw name="Input Text" library="SeleniumLibrary">
<arg>name:name</arg>
<arg>${book}</arg>
<doc>Types the given ``text`` into the text field identified by ``locator``.</doc>
<msg timestamp="20220410 10:45:56.326" level="INFO">Typing text 'Game Of Thrones' into text field 'name:name'.</msg>
<status status="PASS" starttime="20220410 10:45:56.326" endtime="20220410 10:45:56.435"/>
</kw>
<status status="PASS" starttime="20220410 10:45:56.324" endtime="20220410 10:45:56.435"/>
</kw>
<kw name="Add Author">
<kw name="Input Text" library="SeleniumLibrary">
<arg>name:auth</arg>
<arg>${auth}</arg>
<doc>Types the given ``text`` into the text field identified by ``locator``.</doc>
<msg timestamp="20220410 10:45:56.436" level="INFO">Typing text 'Sree' into text field 'name:auth'.</msg>
<status status="PASS" starttime="20220410 10:45:56.436" endtime="20220410 10:45:56.519"/>
</kw>
<status status="PASS" starttime="20220410 10:45:56.436" endtime="20220410 10:45:56.519"/>
</kw>
<kw name="Add Category">
<kw name="Input Text" library="SeleniumLibrary">
<arg>name:cat</arg>
<arg>${cat}</arg>
<doc>Types the given ``text`` into the text field identified by ``locator``.</doc>
<msg timestamp="20220410 10:45:56.521" level="INFO">Typing text 'fantasy' into text field 'name:cat'.</msg>
<status status="PASS" starttime="20220410 10:45:56.521" endtime="20220410 10:45:56.611"/>
</kw>
<status status="PASS" starttime="20220410 10:45:56.520" endtime="20220410 10:45:56.611"/>
</kw>
<kw name="Add Price">
<kw name="Input Text" library="SeleniumLibrary">
<arg>name:price</arg>
<arg>${price}</arg>
<doc>Types the given ``text`` into the text field identified by ``locator``.</doc>
<msg timestamp="20220410 10:45:56.613" level="INFO">Typing text '2000' into text field 'name:price'.</msg>
<status status="PASS" starttime="20220410 10:45:56.613" endtime="20220410 10:45:56.696"/>
</kw>
<status status="PASS" starttime="20220410 10:45:56.612" endtime="20220410 10:45:56.697"/>
</kw>
<kw name="Add Publisher">
<kw name="Input Text" library="SeleniumLibrary">
<arg>name:pub</arg>
<arg>${pub}</arg>
<doc>Types the given ``text`` into the text field identified by ``locator``.</doc>
<msg timestamp="20220410 10:45:56.698" level="INFO">Typing text 'Sree' into text field 'name:pub'.</msg>
<status status="PASS" starttime="20220410 10:45:56.697" endtime="20220410 10:45:56.776"/>
</kw>
<status status="PASS" starttime="20220410 10:45:56.697" endtime="20220410 10:45:56.776"/>
</kw>
<kw name="Sleep" library="BuiltIn">
<arg>1s</arg>
<doc>Pauses the test executed for the given time.</doc>
<msg timestamp="20220410 10:45:57.777" level="INFO">Slept 1 second</msg>
<status status="PASS" starttime="20220410 10:45:56.776" endtime="20220410 10:45:57.777"/>
</kw>
<kw name="Click Element" library="SeleniumLibrary">
<arg>xpath=//html/body/div[2]/div/div[2]/form/center/button</arg>
<doc>Click the element identified by ``locator``.</doc>
<msg timestamp="20220410 10:45:57.778" level="INFO">Clicking element 'xpath=//html/body/div[2]/div/div[2]/form/center/button'.</msg>
<status status="PASS" starttime="20220410 10:45:57.778" endtime="20220410 10:45:57.848"/>
</kw>
<kw name="Sleep" library="BuiltIn">
<arg>1s</arg>
<doc>Pauses the test executed for the given time.</doc>
<msg timestamp="20220410 10:45:58.850" level="INFO">Slept 1 second</msg>
<status status="PASS" starttime="20220410 10:45:57.849" endtime="20220410 10:45:58.850"/>
</kw>
<kw name="Click Element" library="SeleniumLibrary">
<arg>xpath=//html/body/div[2]/div/div[2]/form/div/div/div/div[3]/button[2]</arg>
<doc>Click the element identified by ``locator``.</doc>
<msg timestamp="20220410 10:45:58.852" level="INFO">Clicking element 'xpath=//html/body/div[2]/div/div[2]/form/div/div/div/div[3]/button[2]'.</msg>
<status status="PASS" starttime="20220410 10:45:58.851" endtime="20220410 10:45:59.117"/>
</kw>
<kw name="Sleep" library="BuiltIn">
<arg>3s</arg>
<doc>Pauses the test executed for the given time.</doc>
<msg timestamp="20220410 10:46:02.119" level="INFO">Slept 3 seconds</msg>
<status status="PASS" starttime="20220410 10:45:59.118" endtime="20220410 10:46:02.119"/>
</kw>
<doc>user edit</doc>
<tag>user</tag>
<status status="PASS" starttime="20220410 10:45:50.813" endtime="20220410 10:46:02.120"/>
</test>
<test id="s1-t4" name="User Search Test" line="67">
<kw name="Click Element" library="SeleniumLibrary">
<arg>xpath=//html/body/div[1]/div/div/nav/div/div/ul/li[3]/a</arg>
<doc>Click the element identified by ``locator``.</doc>
<msg timestamp="20220410 10:46:02.122" level="INFO">Clicking element 'xpath=//html/body/div[1]/div/div/nav/div/div/ul/li[3]/a'.</msg>
<status status="PASS" starttime="20220410 10:46:02.122" endtime="20220410 10:46:02.221"/>
</kw>
<kw name="Sleep" library="BuiltIn">
<arg>2s</arg>
<doc>Pauses the test executed for the given time.</doc>
<msg timestamp="20220410 10:46:04.224" level="INFO">Slept 2 seconds</msg>
<status status="PASS" starttime="20220410 10:46:02.222" endtime="20220410 10:46:04.224"/>
</kw>
<kw name="Add Book">
<kw name="Input Text" library="SeleniumLibrary">
<arg>name:name</arg>
<arg>${book}</arg>
<doc>Types the given ``text`` into the text field identified by ``locator``.</doc>
<msg timestamp="20220410 10:46:04.225" level="INFO">Typing text 'Game Of Thrones' into text field 'name:name'.</msg>
<status status="PASS" starttime="20220410 10:46:04.225" endtime="20220410 10:46:04.314"/>
</kw>
<status status="PASS" starttime="20220410 10:46:04.224" endtime="20220410 10:46:04.314"/>
</kw>
<kw name="Sleep" library="BuiltIn">
<arg>2s</arg>
<doc>Pauses the test executed for the given time.</doc>
<msg timestamp="20220410 10:46:06.316" level="INFO">Slept 2 seconds</msg>
<status status="PASS" starttime="20220410 10:46:04.315" endtime="20220410 10:46:06.317"/>
</kw>
<kw name="Click Element" library="SeleniumLibrary">
<arg>xpath=//html/body/div[2]/div/div[2]/form/center/button</arg>
<doc>Click the element identified by ``locator``.</doc>
<msg timestamp="20220410 10:46:06.319" level="INFO">Clicking element 'xpath=//html/body/div[2]/div/div[2]/form/center/button'.</msg>
<status status="PASS" starttime="20220410 10:46:06.318" endtime="20220410 10:46:07.845"/>
</kw>
<kw name="Sleep" library="BuiltIn">
<arg>3s</arg>
<doc>Pauses the test executed for the given time.</doc>
<msg timestamp="20220410 10:46:10.847" level="INFO">Slept 3 seconds</msg>
<status status="PASS" starttime="20220410 10:46:07.845" endtime="20220410 10:46:10.847"/>
</kw>
<kw name="Click Element" library="SeleniumLibrary">
<arg>xpath=//html/body/div[1]/div/div/nav/div/div/ul/li[4]/a</arg>
<doc>Click the element identified by ``locator``.</doc>
<msg timestamp="20220410 10:46:10.849" level="INFO">Clicking element 'xpath=//html/body/div[1]/div/div/nav/div/div/ul/li[4]/a'.</msg>
<status status="PASS" starttime="20220410 10:46:10.848" endtime="20220410 10:46:10.951"/>
</kw>
<kw name="Sleep" library="BuiltIn">
<arg>2s</arg>
<doc>Pauses the test executed for the given time.</doc>
<msg timestamp="20220410 10:46:12.954" level="INFO">Slept 2 seconds</msg>
<status status="PASS" starttime="20220410 10:46:10.952" endtime="20220410 10:46:12.954"/>
</kw>
<doc>user search</doc>
<tag>user</tag>
<status status="PASS" starttime="20220410 10:46:02.122" endtime="20220410 10:46:12.955"/>
</test>
<test id="s1-t5" name="Admin Login Test" line="80">
<kw name="Click Element" library="SeleniumLibrary">
<arg>xpath=//html/body/nav/div/div/ul/li/a</arg>
<doc>Click the element identified by ``locator``.</doc>
<msg timestamp="20220410 10:46:12.959" level="INFO">Clicking element 'xpath=//html/body/nav/div/div/ul/li/a'.</msg>
<status status="PASS" starttime="20220410 10:46:12.958" endtime="20220410 10:46:13.061"/>
</kw>
<kw name="Sleep" library="BuiltIn">
<arg>2s</arg>
<doc>Pauses the test executed for the given time.</doc>
<msg timestamp="20220410 10:46:15.062" level="INFO">Slept 2 seconds</msg>
<status status="PASS" starttime="20220410 10:46:13.061" endtime="20220410 10:46:15.062"/>
</kw>
<kw name="Add Admin">
<kw name="Input Text" library="SeleniumLibrary">
<arg>name:uname</arg>
<arg>${username}</arg>
<doc>Types the given ``text`` into the text field identified by ``locator``.</doc>
<msg timestamp="20220410 10:46:15.064" level="INFO">Typing text 'admin' into text field 'name:uname'.</msg>
<status status="PASS" starttime="20220410 10:46:15.064" endtime="20220410 10:46:15.225"/>
</kw>
<status status="PASS" starttime="20220410 10:46:15.063" endtime="20220410 10:46:15.226"/>
</kw>
<kw name="Add Pass">
<kw name="Input Text" library="SeleniumLibrary">
<arg>name:pass</arg>
<arg>${pass}</arg>
<doc>Types the given ``text`` into the text field identified by ``locator``.</doc>
<msg timestamp="20220410 10:46:15.228" level="INFO">Typing text '9875' into text field 'name:pass'.</msg>
<status status="PASS" starttime="20220410 10:46:15.228" endtime="20220410 10:46:15.397"/>
</kw>
<status status="PASS" starttime="20220410 10:46:15.227" endtime="20220410 10:46:15.397"/>
</kw>
<kw name="Sleep" library="BuiltIn">
<arg>1s</arg>
<doc>Pauses the test executed for the given time.</doc>
<msg timestamp="20220410 10:46:16.399" level="INFO">Slept 1 second</msg>
<status status="PASS" starttime="20220410 10:46:15.398" endtime="20220410 10:46:16.399"/>
</kw>
<kw name="Click Element" library="SeleniumLibrary">
<arg>xpath=//html/body/div/div/div[2]/form/center/button</arg>
<doc>Click the element identified by ``locator``.</doc>
<msg timestamp="20220410 10:46:16.400" level="INFO">Clicking element 'xpath=//html/body/div/div/div[2]/form/center/button'.</msg>
<status status="PASS" starttime="20220410 10:46:16.400" endtime="20220410 10:46:16.526"/>
</kw>
<kw name="Sleep" library="BuiltIn">
<arg>1s</arg>
<doc>Pauses the test executed for the given time.</doc>
<msg timestamp="20220410 10:46:17.527" level="INFO">Slept 1 second</msg>
<status status="PASS" starttime="20220410 10:46:16.527" endtime="20220410 10:46:17.527"/>
</kw>
<doc>admin login</doc>
<tag>admin</tag>
<status status="PASS" starttime="20220410 10:46:12.957" endtime="20220410 10:46:17.528"/>
</test>
<test id="s1-t6" name="Dashboard Test" line="92">
<kw name="Add Name">
<kw name="Input Text" library="SeleniumLibrary">
<arg>name:name</arg>
<arg>${name}</arg>
<doc>Types the given ``text`` into the text field identified by ``locator``.</doc>
<msg timestamp="20220410 10:46:17.532" level="INFO">Typing text 'Sree' into text field 'name:name'.</msg>
<status status="PASS" starttime="20220410 10:46:17.532" endtime="20220410 10:46:17.688"/>
</kw>
<status status="PASS" starttime="20220410 10:46:17.531" endtime="20220410 10:46:17.689"/>
</kw>
<kw name="Add Author">
<kw name="Input Text" library="SeleniumLibrary">
<arg>name:auth</arg>
<arg>${auth}</arg>
<doc>Types the given ``text`` into the text field identified by ``locator``.</doc>
<msg timestamp="20220410 10:46:17.692" level="INFO">Typing text 'Sree' into text field 'name:auth'.</msg>
<status status="PASS" starttime="20220410 10:46:17.691" endtime="20220410 10:46:17.845"/>
</kw>
<status status="PASS" starttime="20220410 10:46:17.689" endtime="20220410 10:46:17.846"/>
</kw>
<kw name="Add Category">
<kw name="Input Text" library="SeleniumLibrary">
<arg>name:cat</arg>
<arg>${cat}</arg>
<doc>Types the given ``text`` into the text field identified by ``locator``.</doc>
<msg timestamp="20220410 10:46:17.848" level="INFO">Typing text 'fantasy' into text field 'name:cat'.</msg>
<status status="PASS" starttime="20220410 10:46:17.847" endtime="20220410 10:46:18.029"/>
</kw>
<status status="PASS" starttime="20220410 10:46:17.847" endtime="20220410 10:46:18.030"/>
</kw>
<kw name="Add Price">
<kw name="Input Text" library="SeleniumLibrary">
<arg>name:price</arg>
<arg>${price}</arg>
<doc>Types the given ``text`` into the text field identified by ``locator``.</doc>
<msg timestamp="20220410 10:46:18.031" level="INFO">Typing text '2000' into text field 'name:price'.</msg>
<status status="PASS" starttime="20220410 10:46:18.031" endtime="20220410 10:46:18.212"/>
</kw>
<status status="PASS" starttime="20220410 10:46:18.030" endtime="20220410 10:46:18.213"/>
</kw>
<kw name="Add Publisher">
<kw name="Input Text" library="SeleniumLibrary">
<arg>name:pub</arg>
<arg>${pub}</arg>
<doc>Types the given ``text`` into the text field identified by ``locator``.</doc>
<msg timestamp="20220410 10:46:18.215" level="INFO">Typing text 'Sree' into text field 'name:pub'.</msg>
<status status="PASS" starttime="20220410 10:46:18.215" endtime="20220410 10:46:18.398"/>
</kw>
<status status="PASS" starttime="20220410 10:46:18.214" endtime="20220410 10:46:18.399"/>
</kw>
<kw name="Sleep" library="BuiltIn">
<arg>1s</arg>
<doc>Pauses the test executed for the given time.</doc>
<msg timestamp="20220410 10:46:19.400" level="INFO">Slept 1 second</msg>
<status status="PASS" starttime="20220410 10:46:18.399" endtime="20220410 10:46:19.401"/>
</kw>
<kw name="Click Element" library="SeleniumLibrary">
<arg>xpath=//html/body/div[2]/div/div[2]/form/center/button</arg>
<doc>Click the element identified by ``locator``.</doc>
<msg timestamp="20220410 10:46:19.402" level="INFO">Clicking element 'xpath=//html/body/div[2]/div/div[2]/form/center/button'.</msg>
<status status="PASS" starttime="20220410 10:46:19.401" endtime="20220410 10:46:19.446"/>
</kw>
<kw name="Sleep" library="BuiltIn">
<arg>1s</arg>
<doc>Pauses the test executed for the given time.</doc>
<msg timestamp="20220410 10:46:20.449" level="INFO">Slept 1 second</msg>
<status status="PASS" starttime="20220410 10:46:19.446" endtime="20220410 10:46:20.449"/>
</kw>
<kw name="Click Element" library="SeleniumLibrary">
<arg>xpath=//html/body/div[2]/div/div[2]/form/div/div/div/div[3]/button[2]</arg>
<doc>Click the element identified by ``locator``.</doc>
<msg timestamp="20220410 10:46:20.451" level="INFO">Clicking element 'xpath=//html/body/div[2]/div/div[2]/form/div/div/div/div[3]/button[2]'.</msg>
<status status="PASS" starttime="20220410 10:46:20.451" endtime="20220410 10:46:20.809"/>
</kw>
<kw name="Sleep" library="BuiltIn">
<arg>5s</arg>
<doc>Pauses the test executed for the given time.</doc>
<msg timestamp="20220410 10:46:25.813" level="INFO">Slept 5 seconds</msg>
<status status="PASS" starttime="20220410 10:46:20.811" endtime="20220410 10:46:25.813"/>
</kw>
<doc>dashboard</doc>
<tag>admin</tag>
<status status="PASS" starttime="20220410 10:46:17.530" endtime="20220410 10:46:25.814"/>
</test>
<test id="s1-t7" name="Edit Test" line="107">
<kw name="Click Element" library="SeleniumLibrary">
<arg>xpath=//html/body/div[1]/div/div/nav/div/div/ul/li[3]/a</arg>
<doc>Click the element identified by ``locator``.</doc>
<msg timestamp="20220410 10:46:25.816" level="INFO">Clicking element 'xpath=//html/body/div[1]/div/div/nav/div/div/ul/li[3]/a'.</msg>
<status status="PASS" starttime="20220410 10:46:25.815" endtime="20220410 10:46:25.930"/>
</kw>
<kw name="Sleep" library="BuiltIn">
<arg>1s</arg>
<doc>Pauses the test executed for the given time.</doc>
<msg timestamp="20220410 10:46:26.932" level="INFO">Slept 1 second</msg>
<status status="PASS" starttime="20220410 10:46:25.931" endtime="20220410 10:46:26.932"/>
</kw>
<kw name="Add Book">
<kw name="Input Text" library="SeleniumLibrary">
<arg>name:name</arg>
<arg>${book}</arg>
<doc>Types the given ``text`` into the text field identified by ``locator``.</doc>
<msg timestamp="20220410 10:46:26.936" level="INFO">Typing text 'Game Of Thrones' into text field 'name:name'.</msg>
<status status="PASS" starttime="20220410 10:46:26.935" endtime="20220410 10:46:27.054"/>
</kw>
<status status="PASS" starttime="20220410 10:46:26.933" endtime="20220410 10:46:27.054"/>
</kw>
<kw name="Click Element" library="SeleniumLibrary">
<arg>xpath=//html/body/div[2]/div/div[2]/form/center/button</arg>
<doc>Click the element identified by ``locator``.</doc>
<msg timestamp="20220410 10:46:27.057" level="INFO">Clicking element 'xpath=//html/body/div[2]/div/div[2]/form/center/button'.</msg>
<status status="PASS" starttime="20220410 10:46:27.056" endtime="20220410 10:46:27.160"/>
</kw>
<kw name="Sleep" library="BuiltIn">
<arg>4s</arg>
<doc>Pauses the test executed for the given time.</doc>
<msg timestamp="20220410 10:46:31.162" level="INFO">Slept 4 seconds</msg>
<status status="PASS" starttime="20220410 10:46:27.161" endtime="20220410 10:46:31.162"/>
</kw>
<kw name="Click Link" library="SeleniumLibrary">
<arg>name:link</arg>
<doc>Clicks a link identified by ``locator``.</doc>
<msg timestamp="20220410 10:46:31.163" level="INFO">Clicking link 'name:link'.</msg>
<status status="PASS" starttime="20220410 10:46:31.162" endtime="20220410 10:46:31.300"/>
</kw>
<kw name="Sleep" library="BuiltIn">
<arg>2s</arg>
<doc>Pauses the test executed for the given time.</doc>
<msg timestamp="20220410 10:46:33.301" level="INFO">Slept 2 seconds</msg>
<status status="PASS" starttime="20220410 10:46:31.300" endtime="20220410 10:46:33.301"/>
</kw>
<kw name="Add New Name">
<kw name="Input Text" library="SeleniumLibrary">
<arg>name:name</arg>
<arg>${newname}</arg>
<doc>Types the given ``text`` into the text field identified by ``locator``.</doc>
<msg timestamp="20220410 10:46:33.303" level="INFO">Typing text 'Purple' into text field 'name:name'.</msg>
<status status="PASS" starttime="20220410 10:46:33.302" endtime="20220410 10:46:33.399"/>
</kw>
<status status="PASS" starttime="20220410 10:46:33.302" endtime="20220410 10:46:33.399"/>
</kw>
<kw name="Add Author">
<kw name="Input Text" library="SeleniumLibrary">
<arg>name:auth</arg>
<arg>${auth}</arg>
<doc>Types the given ``text`` into the text field identified by ``locator``.</doc>
<msg timestamp="20220410 10:46:33.400" level="INFO">Typing text 'Sree' into text field 'name:auth'.</msg>
<status status="PASS" starttime="20220410 10:46:33.400" endtime="20220410 10:46:33.485"/>
</kw>
<status status="PASS" starttime="20220410 10:46:33.399" endtime="20220410 10:46:33.485"/>
</kw>
<kw name="Add Category">
<kw name="Input Text" library="SeleniumLibrary">
<arg>name:cat</arg>
<arg>${cat}</arg>
<doc>Types the given ``text`` into the text field identified by ``locator``.</doc>
<msg timestamp="20220410 10:46:33.486" level="INFO">Typing text 'fantasy' into text field 'name:cat'.</msg>
<status status="PASS" starttime="20220410 10:46:33.486" endtime="20220410 10:46:33.571"/>
</kw>
<status status="PASS" starttime="20220410 10:46:33.486" endtime="20220410 10:46:33.571"/>
</kw>
<kw name="Add Price">
<kw name="Input Text" library="SeleniumLibrary">
<arg>name:price</arg>
<arg>${price}</arg>
<doc>Types the given ``text`` into the text field identified by ``locator``.</doc>
<msg timestamp="20220410 10:46:33.573" level="INFO">Typing text '2000' into text field 'name:price'.</msg>
<status status="PASS" starttime="20220410 10:46:33.572" endtime="20220410 10:46:33.651"/>
</kw>
<status status="PASS" starttime="20220410 10:46:33.572" endtime="20220410 10:46:33.651"/>
</kw>
<kw name="Add Publisher">
<kw name="Input Text" library="SeleniumLibrary">
<arg>name:pub</arg>
<arg>${pub}</arg>
<doc>Types the given ``text`` into the text field identified by ``locator``.</doc>
<msg timestamp="20220410 10:46:33.652" level="INFO">Typing text 'Sree' into text field 'name:pub'.</msg>
<status status="PASS" starttime="20220410 10:46:33.652" endtime="20220410 10:46:33.746"/>
</kw>
<status status="PASS" starttime="20220410 10:46:33.651" endtime="20220410 10:46:33.747"/>
</kw>
<kw name="Sleep" library="BuiltIn">
<arg>1s</arg>
<doc>Pauses the test executed for the given time.</doc>
<msg timestamp="20220410 10:46:34.747" level="INFO">Slept 1 second</msg>
<status status="PASS" starttime="20220410 10:46:33.747" endtime="20220410 10:46:34.748"/>
</kw>
<kw name="Click Element" library="SeleniumLibrary">
<arg>xpath=//html/body/div[2]/div/div[2]/form/center/button</arg>
<doc>Click the element identified by ``locator``.</doc>
<msg timestamp="20220410 10:46:34.750" level="INFO">Clicking element 'xpath=//html/body/div[2]/div/div[2]/form/center/button'.</msg>
<status status="PASS" starttime="20220410 10:46:34.749" endtime="20220410 10:46:34.827"/>
</kw>
<kw name="Sleep" library="BuiltIn">
<arg>1s</arg>
<doc>Pauses the test executed for the given time.</doc>
<msg timestamp="20220410 10:46:35.829" level="INFO">Slept 1 second</msg>
<status status="PASS" starttime="20220410 10:46:34.828" endtime="20220410 10:46:35.830"/>
</kw>
<kw name="Click Element" library="SeleniumLibrary">
<arg>xpath=//html/body/div[2]/div/div[2]/form/div/div/div/div[3]/button[2]</arg>
<doc>Click the element identified by ``locator``.</doc>
<msg timestamp="20220410 10:46:35.830" level="INFO">Clicking element 'xpath=//html/body/div[2]/div/div[2]/form/div/div/div/div[3]/button[2]'.</msg>
<status status="PASS" starttime="20220410 10:46:35.830" endtime="20220410 10:46:36.207"/>
</kw>
<doc>edit page</doc>
<tag>admin</tag>
<status status="PASS" starttime="20220410 10:46:25.815" endtime="20220410 10:46:36.212"/>
</test>
<test id="s1-t8" name="Delete Test" line="128">
<kw name="Click Element" library="SeleniumLibrary">
<arg>xpath=//html/body/div[1]/div/div/nav/div/div/ul/li[5]/a</arg>
<doc>Click the element identified by ``locator``.</doc>
<msg timestamp="20220410 10:46:36.221" level="INFO">Clicking element 'xpath=//html/body/div[1]/div/div/nav/div/div/ul/li[5]/a'.</msg>
<status status="PASS" starttime="20220410 10:46:36.220" endtime="20220410 10:46:36.357"/>
</kw>
<kw name="Sleep" library="BuiltIn">
<arg>1s</arg>
<doc>Pauses the test executed for the given time.</doc>
<msg timestamp="20220410 10:46:37.360" level="INFO">Slept 1 second</msg>
<status status="PASS" starttime="20220410 10:46:36.359" endtime="20220410 10:46:37.360"/>
</kw>
<kw name="Add New Name">
<kw name="Input Text" library="SeleniumLibrary">
<arg>name:name</arg>
<arg>${newname}</arg>
<doc>Types the given ``text`` into the text field identified by ``locator``.</doc>
<msg timestamp="20220410 10:46:37.363" level="INFO">Typing text 'Purple' into text field 'name:name'.</msg>
<status status="PASS" starttime="20220410 10:46:37.362" endtime="20220410 10:46:37.472"/>
</kw>
<status status="PASS" starttime="20220410 10:46:37.361" endtime="20220410 10:46:37.473"/>
</kw>
<kw name="Click Element" library="SeleniumLibrary">
<arg>xpath=//html/body/div[2]/div/div[2]/form/center/button</arg>
<doc>Click the element identified by ``locator``.</doc>
<msg timestamp="20220410 10:46:37.473" level="INFO">Clicking element 'xpath=//html/body/div[2]/div/div[2]/form/center/button'.</msg>
<status status="PASS" starttime="20220410 10:46:37.473" endtime="20220410 10:46:37.514"/>
</kw>
<kw name="Sleep" library="BuiltIn">
<arg>2s</arg>
<doc>Pauses the test executed for the given time.</doc>
<msg timestamp="20220410 10:46:39.516" level="INFO">Slept 2 seconds</msg>
<status status="PASS" starttime="20220410 10:46:37.514" endtime="20220410 10:46:39.516"/>
</kw>
<kw name="Click Element" library="SeleniumLibrary">
<arg>xpath=//html/body/div[2]/div/div[2]/form/div/div/div/div[3]/button[2]</arg>
<doc>Click the element identified by ``locator``.</doc>
<msg timestamp="20220410 10:46:39.518" level="INFO">Clicking element 'xpath=//html/body/div[2]/div/div[2]/form/div/div/div/div[3]/button[2]'.</msg>
<status status="PASS" starttime="20220410 10:46:39.517" endtime="20220410 10:46:39.758"/>
</kw>
<kw name="Sleep" library="BuiltIn">
<arg>2s</arg>
<doc>Pauses the test executed for the given time.</doc>
<msg timestamp="20220410 10:46:41.764" level="INFO">Slept 2 seconds</msg>
<status status="PASS" starttime="20220410 10:46:39.761" endtime="20220410 10:46:41.764"/>
</kw>
<doc>delete page</doc>
<tag>admin</tag>
<status status="PASS" starttime="20220410 10:46:36.217" endtime="20220410 10:46:41.764"/>
</test>
<test id="s1-t9" name="Logout Test" line="139">
<kw name="Click Element" library="SeleniumLibrary">
<arg>xpath=//html/body/div[1]/div/div/nav/div/div/ul/li[6]/a</arg>
<doc>Click the element identified by ``locator``.</doc>
<msg timestamp="20220410 10:46:41.767" level="INFO">Clicking element 'xpath=//html/body/div[1]/div/div/nav/div/div/ul/li[6]/a'.</msg>
<status status="PASS" starttime="20220410 10:46:41.767" endtime="20220410 10:46:41.849"/>
</kw>
<kw name="Sleep" library="BuiltIn">
<arg>2s</arg>
<doc>Pauses the test executed for the given time.</doc>
<msg timestamp="20220410 10:46:43.852" level="INFO">Slept 2 seconds</msg>
<status status="PASS" starttime="20220410 10:46:41.850" endtime="20220410 10:46:43.852"/>
</kw>
<kw name="Close Browser" library="SeleniumLibrary">
<doc>Closes the current browser.</doc>
<status status="PASS" starttime="20220410 10:46:43.852" endtime="20220410 10:46:46.008"/>
</kw>
<doc>logout</doc>
<tag>admin</tag>
<status status="PASS" starttime="20220410 10:46:41.766" endtime="20220410 10:46:46.018"/>
</test>
<status status="PASS" starttime="20220410 10:45:37.968" endtime="20220410 10:46:46.025"/>
</suite>
<statistics>
<total>
<stat pass="9" fail="0" skip="0">All Tests</stat>
</total>
<tag>
<stat pass="5" fail="0" skip="0">admin</stat>
<stat pass="4" fail="0" skip="0">user</stat>
</tag>
<suite>
<stat pass="9" fail="0" skip="0" id="s1" name="Book">Book</stat>
</suite>
</statistics>
<errors>
</errors>
</robot>
